js.arcgis.com/4.9/dojo/dojo.js:24 Error: multipleDefine
    at r (js.arcgis.com/4.9/dojo/dojo.js:5)
    at nb (js.arcgis.com/4.9/dojo/dojo.js:21)
    at js.arcgis.com/4.9/dojo/dojo.js:22
    at c (js.arcgis.com/4.9/dojo/dojo.js:4)
    at Oa (js.arcgis.com/4.9/dojo/dojo.js:22)
    at p (js.arcgis.com/4.9/dojo/dojo.js:21)
    at HTMLScriptElement.<anonymous> (js.arcgis.com/4.9/dojo/dojo.js:23)
(anonymous) @ js.arcgis.com/4.9/dojo/dojo.js:24
js.arcgis.com/4.9/dojo/dojo.js:24 src: dojoLoader
js.arcgis.com/4.9/dojo/dojo.js:24 info: Object
js.arcgis.com/4.9/dojo/dojo.js:25 .
js.arcgis.com/4.9/dojo/dojo.js:310 [esri.layers.mixins.ArcGISService] removeQueryParameters() Url query parameters are not supported, the following parameters have been removed: f.
b._consoleWriter @ js.arcgis.com/4.9/dojo/dojo.js:310
js.arcgis.com/4.9/dojo/dojo.js:310 [esri.layers.mixins.ArcGISService] removeQueryParameters() Url query parameters are not supported, the following parameters have been removed: f.
b._consoleWriter @ js.arcgis.com/4.9/dojo/dojo.js:310
js.arcgis.com/4.9/dojo/dojo.js:310 [esri.layers.mixins.ArcGISService] removeQueryParameters() Url query parameters are not supported, the following parameters have been removed: f.
b._consoleWriter @ js.arcgis.com/4.9/dojo/dojo.js:310
js.arcgis.com/4.9/dojo/dojo.js:19 Uncaught TypeError: Failed to execute 'appendChild' on 'Node': parameter 1 is not of type 'Node'.
    at Object.b.place (js.arcgis.com/4.9/dojo/dojo.js:96)
    at Object.f._placeComponent (js.arcgis.com/4.9/esri/views/MapView.js:701)
    at Object.f._place (js.arcgis.com/4.9/esri/views/MapView.js:701)
    at Object.f.add (js.arcgis.com/4.9/esri/views/MapView.js:696)
    at mapping.js:699
    at I (js.arcgis.com/4.9/dojo/dojo.js:19)
    at js.arcgis.com/4.9/dojo/dojo.js:19
    at E (js.arcgis.com/4.9/dojo/dojo.js:19)
    at ca (js.arcgis.com/4.9/dojo/dojo.js:19)
    at p (js.arcgis.com/4.9/dojo/dojo.js:21)
